<?xml version="1.0" encoding="UTF-8"?>
<testng-results ignored="0" total="2" passed="2" failed="0" skipped="0">
  <reporter-output>
  </reporter-output>
  <suite started-at="2024-10-19T16:04:10 IST" name="Master Suite" finished-at="2024-10-19T16:04:41 IST" duration-ms="30895">
    <groups>
      <group name="Master">
        <method signature="TC0001_AccountRegistrationTest.User_Account_Registration_Process()[pri:0, instance:testCases.TC0001_AccountRegistrationTest@19932c16]" name="User_Account_Registration_Process" class="testCases.TC0001_AccountRegistrationTest"/>
        <method signature="TC0002_LoginTest.verify_login()[pri:0, instance:testCases.TC0002_LoginTest@7ae0a9ec]" name="verify_login" class="testCases.TC0002_LoginTest"/>
      </group> <!-- Master -->
      <group name="Sanity">
        <method signature="TC0002_LoginTest.verify_login()[pri:0, instance:testCases.TC0002_LoginTest@7ae0a9ec]" name="verify_login" class="testCases.TC0002_LoginTest"/>
      </group> <!-- Sanity -->
      <group name="Regression">
        <method signature="TC0001_AccountRegistrationTest.User_Account_Registration_Process()[pri:0, instance:testCases.TC0001_AccountRegistrationTest@19932c16]" name="User_Account_Registration_Process" class="testCases.TC0001_AccountRegistrationTest"/>
      </group> <!-- Regression -->
    </groups>
    <test started-at="2024-10-19T16:04:10 IST" name="Test" finished-at="2024-10-19T16:04:41 IST" duration-ms="30895">
      <class name="testCases.TC0001_AccountRegistrationTest">
        <test-method is-config="true" signature="setup(java.lang.String,java.lang.String)[pri:0, instance:testCases.TC0001_AccountRegistrationTest@19932c16]" started-at="2024-10-19T16:04:11 IST" name="setup" finished-at="2024-10-19T16:04:24 IST" duration-ms="13216" status="PASS">
          <params>
            <param index="0">
              <value>
                <![CDATA[Linux]]>
              </value>
            </param>
            <param index="1">
              <value>
                <![CDATA[firefox]]>
              </value>
            </param>
          </params>
          <reporter-output>
          </reporter-output>
        </test-method> <!-- setup -->
        <test-method signature="User_Account_Registration_Process()[pri:0, instance:testCases.TC0001_AccountRegistrationTest@19932c16]" started-at="2024-10-19T16:04:24 IST" name="User_Account_Registration_Process" finished-at="2024-10-19T16:04:28 IST" duration-ms="4016" status="PASS">
          <reporter-output>
          </reporter-output>
        </test-method> <!-- User_Account_Registration_Process -->
        <test-method is-config="true" signature="drainout()[pri:0, instance:testCases.TC0001_AccountRegistrationTest@19932c16]" started-at="2024-10-19T16:04:28 IST" name="drainout" finished-at="2024-10-19T16:04:29 IST" duration-ms="1383" status="PASS">
          <reporter-output>
          </reporter-output>
        </test-method> <!-- drainout -->
      </class> <!-- testCases.TC0001_AccountRegistrationTest -->
      <class name="testCases.TC0002_LoginTest">
        <test-method is-config="true" signature="setup(java.lang.String,java.lang.String)[pri:0, instance:testCases.TC0002_LoginTest@7ae0a9ec]" started-at="2024-10-19T16:04:29 IST" name="setup" finished-at="2024-10-19T16:04:37 IST" duration-ms="7479" status="PASS">
          <params>
            <param index="0">
              <value>
                <![CDATA[Linux]]>
              </value>
            </param>
            <param index="1">
              <value>
                <![CDATA[firefox]]>
              </value>
            </param>
          </params>
          <reporter-output>
          </reporter-output>
        </test-method> <!-- setup -->
        <test-method signature="verify_login()[pri:0, instance:testCases.TC0002_LoginTest@7ae0a9ec]" started-at="2024-10-19T16:04:37 IST" name="verify_login" finished-at="2024-10-19T16:04:40 IST" duration-ms="2834" status="PASS">
          <reporter-output>
          </reporter-output>
        </test-method> <!-- verify_login -->
        <test-method is-config="true" signature="drainout()[pri:0, instance:testCases.TC0002_LoginTest@7ae0a9ec]" started-at="2024-10-19T16:04:40 IST" name="drainout" finished-at="2024-10-19T16:04:41 IST" duration-ms="1253" status="PASS">
          <reporter-output>
          </reporter-output>
        </test-method> <!-- drainout -->
      </class> <!-- testCases.TC0002_LoginTest -->
    </test> <!-- Test -->
  </suite> <!-- Master Suite -->
</testng-results>
